The system is: Linux - 4.15.0-33-generic - x86_64
Compiling the C compiler identification source file "CMakeCCompilerId.c" succeeded.
Compiler: /usr/bin/arm-linux-gnueabihf-gcc 
Build flags: 
Id flags: 

The output was:
0


Compilation of the C compiler identification source "CMakeCCompilerId.c" produced "a.out"

The C compiler identification is GNU, found in "/home/fulvio/Dropbox/ubuntu-devel/my-apps/MyBike/source/MyBike/build/CMakeFiles/3.0.2/CompilerIdC/a.out"

Compiling the CXX compiler identification source file "CMakeCXXCompilerId.cpp" succeeded.
Compiler: /usr/bin/arm-linux-gnueabihf-g++ 
Build flags: 
Id flags: 

The output was:
0


Compilation of the CXX compiler identification source "CMakeCXXCompilerId.cpp" produced "a.out"

The CXX compiler identification is GNU, found in "/home/fulvio/Dropbox/ubuntu-devel/my-apps/MyBike/source/MyBike/build/CMakeFiles/3.0.2/CompilerIdCXX/a.out"

Determining if the C compiler works passed with the following output:
Change Dir: /home/fulvio/Dropbox/ubuntu-devel/my-apps/MyBike/source/MyBike/build/CMakeFiles/CMakeTmp

Run Build Command:"/usr/bin/make" "cmTryCompileExec3611787162/fast"
/usr/bin/make -f CMakeFiles/cmTryCompileExec3611787162.dir/build.make CMakeFiles/cmTryCompileExec3611787162.dir/build
make[1]: Entering directory '/home/fulvio/Dropbox/ubuntu-devel/my-apps/MyBike/source/MyBike/build/CMakeFiles/CMakeTmp'
/usr/bin/cmake -E cmake_progress_report /home/fulvio/Dropbox/ubuntu-devel/my-apps/MyBike/source/MyBike/build/CMakeFiles/CMakeTmp/CMakeFiles 1
Building C object CMakeFiles/cmTryCompileExec3611787162.dir/testCCompiler.c.o
/usr/bin/arm-linux-gnueabihf-gcc    -o CMakeFiles/cmTryCompileExec3611787162.dir/testCCompiler.c.o   -c /home/fulvio/Dropbox/ubuntu-devel/my-apps/MyBike/source/MyBike/build/CMakeFiles/CMakeTmp/testCCompiler.c
Linking C executable cmTryCompileExec3611787162
/usr/bin/cmake -E cmake_link_script CMakeFiles/cmTryCompileExec3611787162.dir/link.txt --verbose=1
/usr/bin/arm-linux-gnueabihf-gcc       CMakeFiles/cmTryCompileExec3611787162.dir/testCCompiler.c.o  -o cmTryCompileExec3611787162 -rdynamic 
make[1]: Leaving directory '/home/fulvio/Dropbox/ubuntu-devel/my-apps/MyBike/source/MyBike/build/CMakeFiles/CMakeTmp'


Detecting C compiler ABI info compiled with the following output:
Change Dir: /home/fulvio/Dropbox/ubuntu-devel/my-apps/MyBike/source/MyBike/build/CMakeFiles/CMakeTmp

Run Build Command:"/usr/bin/make" "cmTryCompileExec2397705321/fast"
/usr/bin/make -f CMakeFiles/cmTryCompileExec2397705321.dir/build.make CMakeFiles/cmTryCompileExec2397705321.dir/build
make[1]: Entering directory '/home/fulvio/Dropbox/ubuntu-devel/my-apps/MyBike/source/MyBike/build/CMakeFiles/CMakeTmp'
/usr/bin/cmake -E cmake_progress_report /home/fulvio/Dropbox/ubuntu-devel/my-apps/MyBike/source/MyBike/build/CMakeFiles/CMakeTmp/CMakeFiles 1
Building C object CMakeFiles/cmTryCompileExec2397705321.dir/CMakeCCompilerABI.c.o
/usr/bin/arm-linux-gnueabihf-gcc    -o CMakeFiles/cmTryCompileExec2397705321.dir/CMakeCCompilerABI.c.o   -c /usr/share/cmake-3.0/Modules/CMakeCCompilerABI.c
Linking C executable cmTryCompileExec2397705321
/usr/bin/cmake -E cmake_link_script CMakeFiles/cmTryCompileExec2397705321.dir/link.txt --verbose=1
/usr/bin/arm-linux-gnueabihf-gcc     -v CMakeFiles/cmTryCompileExec2397705321.dir/CMakeCCompilerABI.c.o  -o cmTryCompileExec2397705321 -rdynamic  
Using built-in specs.
COLLECT_GCC=/usr/bin/arm-linux-gnueabihf-gcc
COLLECT_LTO_WRAPPER=/usr/lib/gcc-cross/arm-linux-gnueabihf/4.9/lto-wrapper
Target: arm-linux-gnueabihf
Configured with: ../src/configure -v --with-pkgversion='Ubuntu/Linaro 4.9.2-10ubuntu10' --with-bugurl=file:///usr/share/doc/gcc-4.9/README.Bugs --enable-languages=c,c++,java,go,d,fortran,objc,obj-c++ --prefix=/usr --program-suffix=-4.9 --enable-shared --enable-linker-build-id --libexecdir=/usr/lib --without-included-gettext --enable-threads=posix --with-gxx-include-dir=/usr/arm-linux-gnueabihf/include/c++/4.9.2 --libdir=/usr/lib --enable-nls --with-sysroot=/ --enable-clocale=gnu --enable-libstdcxx-debug --enable-libstdcxx-time=yes --enable-gnu-unique-object --disable-libitm --disable-libquadmath --enable-plugin --with-system-zlib --disable-browser-plugin --enable-java-awt=gtk --enable-gtk-cairo --with-java-home=/usr/lib/jvm/java-1.5.0-gcj-4.9-armhf-cross/jre --enable-java-home --with-jvm-root-dir=/usr/lib/jvm/java-1.5.0-gcj-4.9-armhf-cross --with-jvm-jar-dir=/usr/lib/jvm-exports/java-1.5.0-gcj-4.9-armhf-cross --with-arch-directory=arm --with-ecj-jar=/usr/share/java/eclipse-ecj.jar --disable-libgcj --enable-objc-gc --enable-multiarch --enable-multilib --disable-sjlj-exceptions --with-arch=armv7-a --with-fpu=vfpv3-d16 --with-float=hard --with-mode=thumb --disable-werror --enable-multilib --enable-checking=release --build=x86_64-linux-gnu --host=x86_64-linux-gnu --target=arm-linux-gnueabihf --program-prefix=arm-linux-gnueabihf- --includedir=/usr/arm-linux-gnueabihf/include
Thread model: posix
gcc version 4.9.2 (Ubuntu/Linaro 4.9.2-10ubuntu10) 
COMPILER_PATH=/usr/lib/gcc-cross/arm-linux-gnueabihf/4.9/:/usr/lib/gcc-cross/arm-linux-gnueabihf/4.9/:/usr/lib/gcc-cross/arm-linux-gnueabihf/:/usr/lib/gcc-cross/arm-linux-gnueabihf/4.9/:/usr/lib/gcc-cross/arm-linux-gnueabihf/:/usr/lib/gcc-cross/arm-linux-gnueabihf/4.9/../../../../arm-linux-gnueabihf/bin/
LIBRARY_PATH=/usr/lib/gcc-cross/arm-linux-gnueabihf/4.9/:/usr/lib/gcc-cross/arm-linux-gnueabihf/4.9/../../../../arm-linux-gnueabihf/lib/../lib/:/lib/arm-linux-gnueabihf/:/lib/../lib/:/usr/lib/arm-linux-gnueabihf/:/usr/lib/../lib/:/usr/lib/gcc-cross/arm-linux-gnueabihf/4.9/../../../../arm-linux-gnueabihf/lib/:/lib/:/usr/lib/
COLLECT_GCC_OPTIONS='-v' '-o' 'cmTryCompileExec2397705321' '-rdynamic' '-march=armv7-a' '-mfloat-abi=hard' '-mfpu=vfpv3-d16' '-mthumb' '-mtls-dialect=gnu'
 /usr/lib/gcc-cross/arm-linux-gnueabihf/4.9/collect2 -plugin /usr/lib/gcc-cross/arm-linux-gnueabihf/4.9/liblto_plugin.so -plugin-opt=/usr/lib/gcc-cross/arm-linux-gnueabihf/4.9/lto-wrapper -plugin-opt=-fresolution=/tmp/ccu4cLrk.res -plugin-opt=-pass-through=-lgcc -plugin-opt=-pass-through=-lgcc_s -plugin-opt=-pass-through=-lc -plugin-opt=-pass-through=-lgcc -plugin-opt=-pass-through=-lgcc_s --sysroot=/ --build-id --eh-frame-hdr -export-dynamic -dynamic-linker /lib/ld-linux-armhf.so.3 -X --hash-style=gnu --as-needed -m armelf_linux_eabi -z relro -o cmTryCompileExec2397705321 /usr/lib/gcc-cross/arm-linux-gnueabihf/4.9/../../../../arm-linux-gnueabihf/lib/../lib/crt1.o /usr/lib/gcc-cross/arm-linux-gnueabihf/4.9/../../../../arm-linux-gnueabihf/lib/../lib/crti.o /usr/lib/gcc-cross/arm-linux-gnueabihf/4.9/crtbegin.o -L/usr/lib/gcc-cross/arm-linux-gnueabihf/4.9 -L/usr/lib/gcc-cross/arm-linux-gnueabihf/4.9/../../../../arm-linux-gnueabihf/lib/../lib -L/lib/arm-linux-gnueabihf -L/lib/../lib -L/usr/lib/arm-linux-gnueabihf -L/usr/lib/../lib -L/usr/lib/gcc-cross/arm-linux-gnueabihf/4.9/../../../../arm-linux-gnueabihf/lib CMakeFiles/cmTryCompileExec2397705321.dir/CMakeCCompilerABI.c.o -lgcc --as-needed -lgcc_s --no-as-needed -lc -lgcc --as-needed -lgcc_s --no-as-needed /usr/lib/gcc-cross/arm-linux-gnueabihf/4.9/crtend.o /usr/lib/gcc-cross/arm-linux-gnueabihf/4.9/../../../../arm-linux-gnueabihf/lib/../lib/crtn.o
make[1]: Leaving directory '/home/fulvio/Dropbox/ubuntu-devel/my-apps/MyBike/source/MyBike/build/CMakeFiles/CMakeTmp'


Parsed C implicit link information from above output:
  link line regex: [^( *|.*[/\])(arm-linux-gnueabihf-ld|([^/\]+-)?ld|collect2)[^/\]*( |$)]
  ignore line: [Change Dir: /home/fulvio/Dropbox/ubuntu-devel/my-apps/MyBike/source/MyBike/build/CMakeFiles/CMakeTmp]
  ignore line: []
  ignore line: [Run Build Command:"/usr/bin/make" "cmTryCompileExec2397705321/fast"]
  ignore line: [/usr/bin/make -f CMakeFiles/cmTryCompileExec2397705321.dir/build.make CMakeFiles/cmTryCompileExec2397705321.dir/build]
  ignore line: [make[1]: Entering directory '/home/fulvio/Dropbox/ubuntu-devel/my-apps/MyBike/source/MyBike/build/CMakeFiles/CMakeTmp']
  ignore line: [/usr/bin/cmake -E cmake_progress_report /home/fulvio/Dropbox/ubuntu-devel/my-apps/MyBike/source/MyBike/build/CMakeFiles/CMakeTmp/CMakeFiles 1]
  ignore line: [Building C object CMakeFiles/cmTryCompileExec2397705321.dir/CMakeCCompilerABI.c.o]
  ignore line: [/usr/bin/arm-linux-gnueabihf-gcc    -o CMakeFiles/cmTryCompileExec2397705321.dir/CMakeCCompilerABI.c.o   -c /usr/share/cmake-3.0/Modules/CMakeCCompilerABI.c]
  ignore line: [Linking C executable cmTryCompileExec2397705321]
  ignore line: [/usr/bin/cmake -E cmake_link_script CMakeFiles/cmTryCompileExec2397705321.dir/link.txt --verbose=1]
  ignore line: [/usr/bin/arm-linux-gnueabihf-gcc     -v CMakeFiles/cmTryCompileExec2397705321.dir/CMakeCCompilerABI.c.o  -o cmTryCompileExec2397705321 -rdynamic  ]
  ignore line: [Using built-in specs.]
  ignore line: [COLLECT_GCC=/usr/bin/arm-linux-gnueabihf-gcc]
  ignore line: [COLLECT_LTO_WRAPPER=/usr/lib/gcc-cross/arm-linux-gnueabihf/4.9/lto-wrapper]
  ignore line: [Target: arm-linux-gnueabihf]
  ignore line: [Configured with: ../src/configure -v --with-pkgversion='Ubuntu/Linaro 4.9.2-10ubuntu10' --with-bugurl=file:///usr/share/doc/gcc-4.9/README.Bugs --enable-languages=c,c++,java,go,d,fortran,objc,obj-c++ --prefix=/usr --program-suffix=-4.9 --enable-shared --enable-linker-build-id --libexecdir=/usr/lib --without-included-gettext --enable-threads=posix --with-gxx-include-dir=/usr/arm-linux-gnueabihf/include/c++/4.9.2 --libdir=/usr/lib --enable-nls --with-sysroot=/ --enable-clocale=gnu --enable-libstdcxx-debug --enable-libstdcxx-time=yes --enable-gnu-unique-object --disable-libitm --disable-libquadmath --enable-plugin --with-system-zlib --disable-browser-plugin --enable-java-awt=gtk --enable-gtk-cairo --with-java-home=/usr/lib/jvm/java-1.5.0-gcj-4.9-armhf-cross/jre --enable-java-home --with-jvm-root-dir=/usr/lib/jvm/java-1.5.0-gcj-4.9-armhf-cross --with-jvm-jar-dir=/usr/lib/jvm-exports/java-1.5.0-gcj-4.9-armhf-cross --with-arch-directory=arm --with-ecj-jar=/usr/share/java/eclipse-ecj.jar --disable-libgcj --enable-objc-gc --enable-multiarch --enable-multilib --disable-sjlj-exceptions --with-arch=armv7-a --with-fpu=vfpv3-d16 --with-float=hard --with-mode=thumb --disable-werror --enable-multilib --enable-checking=release --build=x86_64-linux-gnu --host=x86_64-linux-gnu --target=arm-linux-gnueabihf --program-prefix=arm-linux-gnueabihf- --includedir=/usr/arm-linux-gnueabihf/include]
  ignore line: [Thread model: posix]
  ignore line: [gcc version 4.9.2 (Ubuntu/Linaro 4.9.2-10ubuntu10) ]
  ignore line: [COMPILER_PATH=/usr/lib/gcc-cross/arm-linux-gnueabihf/4.9/:/usr/lib/gcc-cross/arm-linux-gnueabihf/4.9/:/usr/lib/gcc-cross/arm-linux-gnueabihf/:/usr/lib/gcc-cross/arm-linux-gnueabihf/4.9/:/usr/lib/gcc-cross/arm-linux-gnueabihf/:/usr/lib/gcc-cross/arm-linux-gnueabihf/4.9/../../../../arm-linux-gnueabihf/bin/]
  ignore line: [LIBRARY_PATH=/usr/lib/gcc-cross/arm-linux-gnueabihf/4.9/:/usr/lib/gcc-cross/arm-linux-gnueabihf/4.9/../../../../arm-linux-gnueabihf/lib/../lib/:/lib/arm-linux-gnueabihf/:/lib/../lib/:/usr/lib/arm-linux-gnueabihf/:/usr/lib/../lib/:/usr/lib/gcc-cross/arm-linux-gnueabihf/4.9/../../../../arm-linux-gnueabihf/lib/:/lib/:/usr/lib/]
  ignore line: [COLLECT_GCC_OPTIONS='-v' '-o' 'cmTryCompileExec2397705321' '-rdynamic' '-march=armv7-a' '-mfloat-abi=hard' '-mfpu=vfpv3-d16' '-mthumb' '-mtls-dialect=gnu']
  link line: [ /usr/lib/gcc-cross/arm-linux-gnueabihf/4.9/collect2 -plugin /usr/lib/gcc-cross/arm-linux-gnueabihf/4.9/liblto_plugin.so -plugin-opt=/usr/lib/gcc-cross/arm-linux-gnueabihf/4.9/lto-wrapper -plugin-opt=-fresolution=/tmp/ccu4cLrk.res -plugin-opt=-pass-through=-lgcc -plugin-opt=-pass-through=-lgcc_s -plugin-opt=-pass-through=-lc -plugin-opt=-pass-through=-lgcc -plugin-opt=-pass-through=-lgcc_s --sysroot=/ --build-id --eh-frame-hdr -export-dynamic -dynamic-linker /lib/ld-linux-armhf.so.3 -X --hash-style=gnu --as-needed -m armelf_linux_eabi -z relro -o cmTryCompileExec2397705321 /usr/lib/gcc-cross/arm-linux-gnueabihf/4.9/../../../../arm-linux-gnueabihf/lib/../lib/crt1.o /usr/lib/gcc-cross/arm-linux-gnueabihf/4.9/../../../../arm-linux-gnueabihf/lib/../lib/crti.o /usr/lib/gcc-cross/arm-linux-gnueabihf/4.9/crtbegin.o -L/usr/lib/gcc-cross/arm-linux-gnueabihf/4.9 -L/usr/lib/gcc-cross/arm-linux-gnueabihf/4.9/../../../../arm-linux-gnueabihf/lib/../lib -L/lib/arm-linux-gnueabihf -L/lib/../lib -L/usr/lib/arm-linux-gnueabihf -L/usr/lib/../lib -L/usr/lib/gcc-cross/arm-linux-gnueabihf/4.9/../../../../arm-linux-gnueabihf/lib CMakeFiles/cmTryCompileExec2397705321.dir/CMakeCCompilerABI.c.o -lgcc --as-needed -lgcc_s --no-as-needed -lc -lgcc --as-needed -lgcc_s --no-as-needed /usr/lib/gcc-cross/arm-linux-gnueabihf/4.9/crtend.o /usr/lib/gcc-cross/arm-linux-gnueabihf/4.9/../../../../arm-linux-gnueabihf/lib/../lib/crtn.o]
    arg [/usr/lib/gcc-cross/arm-linux-gnueabihf/4.9/collect2] ==> ignore
    arg [-plugin] ==> ignore
    arg [/usr/lib/gcc-cross/arm-linux-gnueabihf/4.9/liblto_plugin.so] ==> ignore
    arg [-plugin-opt=/usr/lib/gcc-cross/arm-linux-gnueabihf/4.9/lto-wrapper] ==> ignore
    arg [-plugin-opt=-fresolution=/tmp/ccu4cLrk.res] ==> ignore
    arg [-plugin-opt=-pass-through=-lgcc] ==> ignore
    arg [-plugin-opt=-pass-through=-lgcc_s] ==> ignore
    arg [-plugin-opt=-pass-through=-lc] ==> ignore
    arg [-plugin-opt=-pass-through=-lgcc] ==> ignore
    arg [-plugin-opt=-pass-through=-lgcc_s] ==> ignore
    arg [--sysroot=/] ==> ignore
    arg [--build-id] ==> ignore
    arg [--eh-frame-hdr] ==> ignore
    arg [-export-dynamic] ==> ignore
    arg [-dynamic-linker] ==> ignore
    arg [/lib/ld-linux-armhf.so.3] ==> ignore
    arg [-X] ==> ignore
    arg [--hash-style=gnu] ==> ignore
    arg [--as-needed] ==> ignore
    arg [-m] ==> ignore
    arg [armelf_linux_eabi] ==> ignore
    arg [-zrelro] ==> ignore
    arg [-o] ==> ignore
    arg [cmTryCompileExec2397705321] ==> ignore
    arg [/usr/lib/gcc-cross/arm-linux-gnueabihf/4.9/../../../../arm-linux-gnueabihf/lib/../lib/crt1.o] ==> ignore
    arg [/usr/lib/gcc-cross/arm-linux-gnueabihf/4.9/../../../../arm-linux-gnueabihf/lib/../lib/crti.o] ==> ignore
    arg [/usr/lib/gcc-cross/arm-linux-gnueabihf/4.9/crtbegin.o] ==> ignore
    arg [-L/usr/lib/gcc-cross/arm-linux-gnueabihf/4.9] ==> dir [/usr/lib/gcc-cross/arm-linux-gnueabihf/4.9]
    arg [-L/usr/lib/gcc-cross/arm-linux-gnueabihf/4.9/../../../../arm-linux-gnueabihf/lib/../lib] ==> dir [/usr/lib/gcc-cross/arm-linux-gnueabihf/4.9/../../../../arm-linux-gnueabihf/lib/../lib]
    arg [-L/lib/arm-linux-gnueabihf] ==> dir [/lib/arm-linux-gnueabihf]
    arg [-L/lib/../lib] ==> dir [/lib/../lib]
    arg [-L/usr/lib/arm-linux-gnueabihf] ==> dir [/usr/lib/arm-linux-gnueabihf]
    arg [-L/usr/lib/../lib] ==> dir [/usr/lib/../lib]
    arg [-L/usr/lib/gcc-cross/arm-linux-gnueabihf/4.9/../../../../arm-linux-gnueabihf/lib] ==> dir [/usr/lib/gcc-cross/arm-linux-gnueabihf/4.9/../../../../arm-linux-gnueabihf/lib]
    arg [CMakeFiles/cmTryCompileExec2397705321.dir/CMakeCCompilerABI.c.o] ==> ignore
    arg [-lgcc] ==> lib [gcc]
    arg [--as-needed] ==> ignore
    arg [-lgcc_s] ==> lib [gcc_s]
    arg [--no-as-needed] ==> ignore
    arg [-lc] ==> lib [c]
    arg [-lgcc] ==> lib [gcc]
    arg [--as-needed] ==> ignore
    arg [-lgcc_s] ==> lib [gcc_s]
    arg [--no-as-needed] ==> ignore
    arg [/usr/lib/gcc-cross/arm-linux-gnueabihf/4.9/crtend.o] ==> ignore
    arg [/usr/lib/gcc-cross/arm-linux-gnueabihf/4.9/../../../../arm-linux-gnueabihf/lib/../lib/crtn.o] ==> ignore
  remove lib [gcc]
  remove lib [gcc_s]
  remove lib [gcc]
  remove lib [gcc_s]
  collapse library dir [/usr/lib/gcc-cross/arm-linux-gnueabihf/4.9] ==> [/usr/lib/gcc-cross/arm-linux-gnueabihf/4.9]
  collapse library dir [/usr/lib/gcc-cross/arm-linux-gnueabihf/4.9/../../../../arm-linux-gnueabihf/lib/../lib] ==> [/usr/arm-linux-gnueabihf/lib]
  collapse library dir [/lib/arm-linux-gnueabihf] ==> [/lib/arm-linux-gnueabihf]
  collapse library dir [/lib/../lib] ==> [/lib]
  collapse library dir [/usr/lib/arm-linux-gnueabihf] ==> [/usr/lib/arm-linux-gnueabihf]
  collapse library dir [/usr/lib/../lib] ==> [/usr/lib]
  collapse library dir [/usr/lib/gcc-cross/arm-linux-gnueabihf/4.9/../../../../arm-linux-gnueabihf/lib] ==> [/usr/arm-linux-gnueabihf/lib]
  implicit libs: [c]
  implicit dirs: [/usr/lib/gcc-cross/arm-linux-gnueabihf/4.9;/usr/arm-linux-gnueabihf/lib;/lib/arm-linux-gnueabihf;/lib;/usr/lib/arm-linux-gnueabihf;/usr/lib]
  implicit fwks: []


Determining if the CXX compiler works passed with the following output:
Change Dir: /home/fulvio/Dropbox/ubuntu-devel/my-apps/MyBike/source/MyBike/build/CMakeFiles/CMakeTmp

Run Build Command:"/usr/bin/make" "cmTryCompileExec2737476139/fast"
/usr/bin/make -f CMakeFiles/cmTryCompileExec2737476139.dir/build.make CMakeFiles/cmTryCompileExec2737476139.dir/build
make[1]: Entering directory '/home/fulvio/Dropbox/ubuntu-devel/my-apps/MyBike/source/MyBike/build/CMakeFiles/CMakeTmp'
/usr/bin/cmake -E cmake_progress_report /home/fulvio/Dropbox/ubuntu-devel/my-apps/MyBike/source/MyBike/build/CMakeFiles/CMakeTmp/CMakeFiles 1
Building CXX object CMakeFiles/cmTryCompileExec2737476139.dir/testCXXCompiler.cxx.o
/usr/bin/arm-linux-gnueabihf-g++     -o CMakeFiles/cmTryCompileExec2737476139.dir/testCXXCompiler.cxx.o -c /home/fulvio/Dropbox/ubuntu-devel/my-apps/MyBike/source/MyBike/build/CMakeFiles/CMakeTmp/testCXXCompiler.cxx
Linking CXX executable cmTryCompileExec2737476139
/usr/bin/cmake -E cmake_link_script CMakeFiles/cmTryCompileExec2737476139.dir/link.txt --verbose=1
/usr/bin/arm-linux-gnueabihf-g++        CMakeFiles/cmTryCompileExec2737476139.dir/testCXXCompiler.cxx.o  -o cmTryCompileExec2737476139 -rdynamic 
make[1]: Leaving directory '/home/fulvio/Dropbox/ubuntu-devel/my-apps/MyBike/source/MyBike/build/CMakeFiles/CMakeTmp'


Detecting CXX compiler ABI info compiled with the following output:
Change Dir: /home/fulvio/Dropbox/ubuntu-devel/my-apps/MyBike/source/MyBike/build/CMakeFiles/CMakeTmp

Run Build Command:"/usr/bin/make" "cmTryCompileExec1327879812/fast"
/usr/bin/make -f CMakeFiles/cmTryCompileExec1327879812.dir/build.make CMakeFiles/cmTryCompileExec1327879812.dir/build
make[1]: Entering directory '/home/fulvio/Dropbox/ubuntu-devel/my-apps/MyBike/source/MyBike/build/CMakeFiles/CMakeTmp'
/usr/bin/cmake -E cmake_progress_report /home/fulvio/Dropbox/ubuntu-devel/my-apps/MyBike/source/MyBike/build/CMakeFiles/CMakeTmp/CMakeFiles 1
Building CXX object CMakeFiles/cmTryCompileExec1327879812.dir/CMakeCXXCompilerABI.cpp.o
/usr/bin/arm-linux-gnueabihf-g++     -o CMakeFiles/cmTryCompileExec1327879812.dir/CMakeCXXCompilerABI.cpp.o -c /usr/share/cmake-3.0/Modules/CMakeCXXCompilerABI.cpp
Linking CXX executable cmTryCompileExec1327879812
/usr/bin/cmake -E cmake_link_script CMakeFiles/cmTryCompileExec1327879812.dir/link.txt --verbose=1
/usr/bin/arm-linux-gnueabihf-g++      -v CMakeFiles/cmTryCompileExec1327879812.dir/CMakeCXXCompilerABI.cpp.o  -o cmTryCompileExec1327879812 -rdynamic  
Using built-in specs.
COLLECT_GCC=/usr/bin/arm-linux-gnueabihf-g++
COLLECT_LTO_WRAPPER=/usr/lib/gcc-cross/arm-linux-gnueabihf/4.9/lto-wrapper
Target: arm-linux-gnueabihf
Configured with: ../src/configure -v --with-pkgversion='Ubuntu/Linaro 4.9.2-10ubuntu10' --with-bugurl=file:///usr/share/doc/gcc-4.9/README.Bugs --enable-languages=c,c++,java,go,d,fortran,objc,obj-c++ --prefix=/usr --program-suffix=-4.9 --enable-shared --enable-linker-build-id --libexecdir=/usr/lib --without-included-gettext --enable-threads=posix --with-gxx-include-dir=/usr/arm-linux-gnueabihf/include/c++/4.9.2 --libdir=/usr/lib --enable-nls --with-sysroot=/ --enable-clocale=gnu --enable-libstdcxx-debug --enable-libstdcxx-time=yes --enable-gnu-unique-object --disable-libitm --disable-libquadmath --enable-plugin --with-system-zlib --disable-browser-plugin --enable-java-awt=gtk --enable-gtk-cairo --with-java-home=/usr/lib/jvm/java-1.5.0-gcj-4.9-armhf-cross/jre --enable-java-home --with-jvm-root-dir=/usr/lib/jvm/java-1.5.0-gcj-4.9-armhf-cross --with-jvm-jar-dir=/usr/lib/jvm-exports/java-1.5.0-gcj-4.9-armhf-cross --with-arch-directory=arm --with-ecj-jar=/usr/share/java/eclipse-ecj.jar --disable-libgcj --enable-objc-gc --enable-multiarch --enable-multilib --disable-sjlj-exceptions --with-arch=armv7-a --with-fpu=vfpv3-d16 --with-float=hard --with-mode=thumb --disable-werror --enable-multilib --enable-checking=release --build=x86_64-linux-gnu --host=x86_64-linux-gnu --target=arm-linux-gnueabihf --program-prefix=arm-linux-gnueabihf- --includedir=/usr/arm-linux-gnueabihf/include
Thread model: posix
gcc version 4.9.2 (Ubuntu/Linaro 4.9.2-10ubuntu10) 
COMPILER_PATH=/usr/lib/gcc-cross/arm-linux-gnueabihf/4.9/:/usr/lib/gcc-cross/arm-linux-gnueabihf/4.9/:/usr/lib/gcc-cross/arm-linux-gnueabihf/:/usr/lib/gcc-cross/arm-linux-gnueabihf/4.9/:/usr/lib/gcc-cross/arm-linux-gnueabihf/:/usr/lib/gcc-cross/arm-linux-gnueabihf/4.9/../../../../arm-linux-gnueabihf/bin/
LIBRARY_PATH=/usr/lib/gcc-cross/arm-linux-gnueabihf/4.9/:/usr/lib/gcc-cross/arm-linux-gnueabihf/4.9/../../../../arm-linux-gnueabihf/lib/../lib/:/lib/arm-linux-gnueabihf/:/lib/../lib/:/usr/lib/arm-linux-gnueabihf/:/usr/lib/../lib/:/usr/lib/gcc-cross/arm-linux-gnueabihf/4.9/../../../../arm-linux-gnueabihf/lib/:/lib/:/usr/lib/
COLLECT_GCC_OPTIONS='-v' '-o' 'cmTryCompileExec1327879812' '-rdynamic' '-shared-libgcc' '-march=armv7-a' '-mfloat-abi=hard' '-mfpu=vfpv3-d16' '-mthumb' '-mtls-dialect=gnu'
 /usr/lib/gcc-cross/arm-linux-gnueabihf/4.9/collect2 -plugin /usr/lib/gcc-cross/arm-linux-gnueabihf/4.9/liblto_plugin.so -plugin-opt=/usr/lib/gcc-cross/arm-linux-gnueabihf/4.9/lto-wrapper -plugin-opt=-fresolution=/tmp/ccYzRzny.res -plugin-opt=-pass-through=-lgcc_s -plugin-opt=-pass-through=-lgcc -plugin-opt=-pass-through=-lc -plugin-opt=-pass-through=-lgcc_s -plugin-opt=-pass-through=-lgcc --sysroot=/ --build-id --eh-frame-hdr -export-dynamic -dynamic-linker /lib/ld-linux-armhf.so.3 -X --hash-style=gnu --as-needed -m armelf_linux_eabi -z relro -o cmTryCompileExec1327879812 /usr/lib/gcc-cross/arm-linux-gnueabihf/4.9/../../../../arm-linux-gnueabihf/lib/../lib/crt1.o /usr/lib/gcc-cross/arm-linux-gnueabihf/4.9/../../../../arm-linux-gnueabihf/lib/../lib/crti.o /usr/lib/gcc-cross/arm-linux-gnueabihf/4.9/crtbegin.o -L/usr/lib/gcc-cross/arm-linux-gnueabihf/4.9 -L/usr/lib/gcc-cross/arm-linux-gnueabihf/4.9/../../../../arm-linux-gnueabihf/lib/../lib -L/lib/arm-linux-gnueabihf -L/lib/../lib -L/usr/lib/arm-linux-gnueabihf -L/usr/lib/../lib -L/usr/lib/gcc-cross/arm-linux-gnueabihf/4.9/../../../../arm-linux-gnueabihf/lib CMakeFiles/cmTryCompileExec1327879812.dir/CMakeCXXCompilerABI.cpp.o -lstdc++ -lm -lgcc_s -lgcc -lc -lgcc_s -lgcc /usr/lib/gcc-cross/arm-linux-gnueabihf/4.9/crtend.o /usr/lib/gcc-cross/arm-linux-gnueabihf/4.9/../../../../arm-linux-gnueabihf/lib/../lib/crtn.o
make[1]: Leaving directory '/home/fulvio/Dropbox/ubuntu-devel/my-apps/MyBike/source/MyBike/build/CMakeFiles/CMakeTmp'


Parsed CXX implicit link information from above output:
  link line regex: [^( *|.*[/\])(arm-linux-gnueabihf-ld|([^/\]+-)?ld|collect2)[^/\]*( |$)]
  ignore line: [Change Dir: /home/fulvio/Dropbox/ubuntu-devel/my-apps/MyBike/source/MyBike/build/CMakeFiles/CMakeTmp]
  ignore line: []
  ignore line: [Run Build Command:"/usr/bin/make" "cmTryCompileExec1327879812/fast"]
  ignore line: [/usr/bin/make -f CMakeFiles/cmTryCompileExec1327879812.dir/build.make CMakeFiles/cmTryCompileExec1327879812.dir/build]
  ignore line: [make[1]: Entering directory '/home/fulvio/Dropbox/ubuntu-devel/my-apps/MyBike/source/MyBike/build/CMakeFiles/CMakeTmp']
  ignore line: [/usr/bin/cmake -E cmake_progress_report /home/fulvio/Dropbox/ubuntu-devel/my-apps/MyBike/source/MyBike/build/CMakeFiles/CMakeTmp/CMakeFiles 1]
  ignore line: [Building CXX object CMakeFiles/cmTryCompileExec1327879812.dir/CMakeCXXCompilerABI.cpp.o]
  ignore line: [/usr/bin/arm-linux-gnueabihf-g++     -o CMakeFiles/cmTryCompileExec1327879812.dir/CMakeCXXCompilerABI.cpp.o -c /usr/share/cmake-3.0/Modules/CMakeCXXCompilerABI.cpp]
  ignore line: [Linking CXX executable cmTryCompileExec1327879812]
  ignore line: [/usr/bin/cmake -E cmake_link_script CMakeFiles/cmTryCompileExec1327879812.dir/link.txt --verbose=1]
  ignore line: [/usr/bin/arm-linux-gnueabihf-g++      -v CMakeFiles/cmTryCompileExec1327879812.dir/CMakeCXXCompilerABI.cpp.o  -o cmTryCompileExec1327879812 -rdynamic  ]
  ignore line: [Using built-in specs.]
  ignore line: [COLLECT_GCC=/usr/bin/arm-linux-gnueabihf-g++]
  ignore line: [COLLECT_LTO_WRAPPER=/usr/lib/gcc-cross/arm-linux-gnueabihf/4.9/lto-wrapper]
  ignore line: [Target: arm-linux-gnueabihf]
  ignore line: [Configured with: ../src/configure -v --with-pkgversion='Ubuntu/Linaro 4.9.2-10ubuntu10' --with-bugurl=file:///usr/share/doc/gcc-4.9/README.Bugs --enable-languages=c,c++,java,go,d,fortran,objc,obj-c++ --prefix=/usr --program-suffix=-4.9 --enable-shared --enable-linker-build-id --libexecdir=/usr/lib --without-included-gettext --enable-threads=posix --with-gxx-include-dir=/usr/arm-linux-gnueabihf/include/c++/4.9.2 --libdir=/usr/lib --enable-nls --with-sysroot=/ --enable-clocale=gnu --enable-libstdcxx-debug --enable-libstdcxx-time=yes --enable-gnu-unique-object --disable-libitm --disable-libquadmath --enable-plugin --with-system-zlib --disable-browser-plugin --enable-java-awt=gtk --enable-gtk-cairo --with-java-home=/usr/lib/jvm/java-1.5.0-gcj-4.9-armhf-cross/jre --enable-java-home --with-jvm-root-dir=/usr/lib/jvm/java-1.5.0-gcj-4.9-armhf-cross --with-jvm-jar-dir=/usr/lib/jvm-exports/java-1.5.0-gcj-4.9-armhf-cross --with-arch-directory=arm --with-ecj-jar=/usr/share/java/eclipse-ecj.jar --disable-libgcj --enable-objc-gc --enable-multiarch --enable-multilib --disable-sjlj-exceptions --with-arch=armv7-a --with-fpu=vfpv3-d16 --with-float=hard --with-mode=thumb --disable-werror --enable-multilib --enable-checking=release --build=x86_64-linux-gnu --host=x86_64-linux-gnu --target=arm-linux-gnueabihf --program-prefix=arm-linux-gnueabihf- --includedir=/usr/arm-linux-gnueabihf/include]
  ignore line: [Thread model: posix]
  ignore line: [gcc version 4.9.2 (Ubuntu/Linaro 4.9.2-10ubuntu10) ]
  ignore line: [COMPILER_PATH=/usr/lib/gcc-cross/arm-linux-gnueabihf/4.9/:/usr/lib/gcc-cross/arm-linux-gnueabihf/4.9/:/usr/lib/gcc-cross/arm-linux-gnueabihf/:/usr/lib/gcc-cross/arm-linux-gnueabihf/4.9/:/usr/lib/gcc-cross/arm-linux-gnueabihf/:/usr/lib/gcc-cross/arm-linux-gnueabihf/4.9/../../../../arm-linux-gnueabihf/bin/]
  ignore line: [LIBRARY_PATH=/usr/lib/gcc-cross/arm-linux-gnueabihf/4.9/:/usr/lib/gcc-cross/arm-linux-gnueabihf/4.9/../../../../arm-linux-gnueabihf/lib/../lib/:/lib/arm-linux-gnueabihf/:/lib/../lib/:/usr/lib/arm-linux-gnueabihf/:/usr/lib/../lib/:/usr/lib/gcc-cross/arm-linux-gnueabihf/4.9/../../../../arm-linux-gnueabihf/lib/:/lib/:/usr/lib/]
  ignore line: [COLLECT_GCC_OPTIONS='-v' '-o' 'cmTryCompileExec1327879812' '-rdynamic' '-shared-libgcc' '-march=armv7-a' '-mfloat-abi=hard' '-mfpu=vfpv3-d16' '-mthumb' '-mtls-dialect=gnu']
  link line: [ /usr/lib/gcc-cross/arm-linux-gnueabihf/4.9/collect2 -plugin /usr/lib/gcc-cross/arm-linux-gnueabihf/4.9/liblto_plugin.so -plugin-opt=/usr/lib/gcc-cross/arm-linux-gnueabihf/4.9/lto-wrapper -plugin-opt=-fresolution=/tmp/ccYzRzny.res -plugin-opt=-pass-through=-lgcc_s -plugin-opt=-pass-through=-lgcc -plugin-opt=-pass-through=-lc -plugin-opt=-pass-through=-lgcc_s -plugin-opt=-pass-through=-lgcc --sysroot=/ --build-id --eh-frame-hdr -export-dynamic -dynamic-linker /lib/ld-linux-armhf.so.3 -X --hash-style=gnu --as-needed -m armelf_linux_eabi -z relro -o cmTryCompileExec1327879812 /usr/lib/gcc-cross/arm-linux-gnueabihf/4.9/../../../../arm-linux-gnueabihf/lib/../lib/crt1.o /usr/lib/gcc-cross/arm-linux-gnueabihf/4.9/../../../../arm-linux-gnueabihf/lib/../lib/crti.o /usr/lib/gcc-cross/arm-linux-gnueabihf/4.9/crtbegin.o -L/usr/lib/gcc-cross/arm-linux-gnueabihf/4.9 -L/usr/lib/gcc-cross/arm-linux-gnueabihf/4.9/../../../../arm-linux-gnueabihf/lib/../lib -L/lib/arm-linux-gnueabihf -L/lib/../lib -L/usr/lib/arm-linux-gnueabihf -L/usr/lib/../lib -L/usr/lib/gcc-cross/arm-linux-gnueabihf/4.9/../../../../arm-linux-gnueabihf/lib CMakeFiles/cmTryCompileExec1327879812.dir/CMakeCXXCompilerABI.cpp.o -lstdc++ -lm -lgcc_s -lgcc -lc -lgcc_s -lgcc /usr/lib/gcc-cross/arm-linux-gnueabihf/4.9/crtend.o /usr/lib/gcc-cross/arm-linux-gnueabihf/4.9/../../../../arm-linux-gnueabihf/lib/../lib/crtn.o]
    arg [/usr/lib/gcc-cross/arm-linux-gnueabihf/4.9/collect2] ==> ignore
    arg [-plugin] ==> ignore
    arg [/usr/lib/gcc-cross/arm-linux-gnueabihf/4.9/liblto_plugin.so] ==> ignore
    arg [-plugin-opt=/usr/lib/gcc-cross/arm-linux-gnueabihf/4.9/lto-wrapper] ==> ignore
    arg [-plugin-opt=-fresolution=/tmp/ccYzRzny.res] ==> ignore
    arg [-plugin-opt=-pass-through=-lgcc_s] ==> ignore
    arg [-plugin-opt=-pass-through=-lgcc] ==> ignore
    arg [-plugin-opt=-pass-through=-lc] ==> ignore
    arg [-plugin-opt=-pass-through=-lgcc_s] ==> ignore
    arg [-plugin-opt=-pass-through=-lgcc] ==> ignore
    arg [--sysroot=/] ==> ignore
    arg [--build-id] ==> ignore
    arg [--eh-frame-hdr] ==> ignore
    arg [-export-dynamic] ==> ignore
    arg [-dynamic-linker] ==> ignore
    arg [/lib/ld-linux-armhf.so.3] ==> ignore
    arg [-X] ==> ignore
    arg [--hash-style=gnu] ==> ignore
    arg [--as-needed] ==> ignore
    arg [-m] ==> ignore
    arg [armelf_linux_eabi] ==> ignore
    arg [-zrelro] ==> ignore
    arg [-o] ==> ignore
    arg [cmTryCompileExec1327879812] ==> ignore
    arg [/usr/lib/gcc-cross/arm-linux-gnueabihf/4.9/../../../../arm-linux-gnueabihf/lib/../lib/crt1.o] ==> ignore
    arg [/usr/lib/gcc-cross/arm-linux-gnueabihf/4.9/../../../../arm-linux-gnueabihf/lib/../lib/crti.o] ==> ignore
    arg [/usr/lib/gcc-cross/arm-linux-gnueabihf/4.9/crtbegin.o] ==> ignore
    arg [-L/usr/lib/gcc-cross/arm-linux-gnueabihf/4.9] ==> dir [/usr/lib/gcc-cross/arm-linux-gnueabihf/4.9]
    arg [-L/usr/lib/gcc-cross/arm-linux-gnueabihf/4.9/../../../../arm-linux-gnueabihf/lib/../lib] ==> dir [/usr/lib/gcc-cross/arm-linux-gnueabihf/4.9/../../../../arm-linux-gnueabihf/lib/../lib]
    arg [-L/lib/arm-linux-gnueabihf] ==> dir [/lib/arm-linux-gnueabihf]
    arg [-L/lib/../lib] ==> dir [/lib/../lib]
    arg [-L/usr/lib/arm-linux-gnueabihf] ==> dir [/usr/lib/arm-linux-gnueabihf]
    arg [-L/usr/lib/../lib] ==> dir [/usr/lib/../lib]
    arg [-L/usr/lib/gcc-cross/arm-linux-gnueabihf/4.9/../../../../arm-linux-gnueabihf/lib] ==> dir [/usr/lib/gcc-cross/arm-linux-gnueabihf/4.9/../../../../arm-linux-gnueabihf/lib]
    arg [CMakeFiles/cmTryCompileExec1327879812.dir/CMakeCXXCompilerABI.cpp.o] ==> ignore
    arg [-lstdc++] ==> lib [stdc++]
    arg [-lm] ==> lib [m]
    arg [-lgcc_s] ==> lib [gcc_s]
    arg [-lgcc] ==> lib [gcc]
    arg [-lc] ==> lib [c]
    arg [-lgcc_s] ==> lib [gcc_s]
    arg [-lgcc] ==> lib [gcc]
    arg [/usr/lib/gcc-cross/arm-linux-gnueabihf/4.9/crtend.o] ==> ignore
    arg [/usr/lib/gcc-cross/arm-linux-gnueabihf/4.9/../../../../arm-linux-gnueabihf/lib/../lib/crtn.o] ==> ignore
  remove lib [gcc_s]
  remove lib [gcc]
  remove lib [gcc_s]
  remove lib [gcc]
  collapse library dir [/usr/lib/gcc-cross/arm-linux-gnueabihf/4.9] ==> [/usr/lib/gcc-cross/arm-linux-gnueabihf/4.9]
  collapse library dir [/usr/lib/gcc-cross/arm-linux-gnueabihf/4.9/../../../../arm-linux-gnueabihf/lib/../lib] ==> [/usr/arm-linux-gnueabihf/lib]
  collapse library dir [/lib/arm-linux-gnueabihf] ==> [/lib/arm-linux-gnueabihf]
  collapse library dir [/lib/../lib] ==> [/lib]
  collapse library dir [/usr/lib/arm-linux-gnueabihf] ==> [/usr/lib/arm-linux-gnueabihf]
  collapse library dir [/usr/lib/../lib] ==> [/usr/lib]
  collapse library dir [/usr/lib/gcc-cross/arm-linux-gnueabihf/4.9/../../../../arm-linux-gnueabihf/lib] ==> [/usr/arm-linux-gnueabihf/lib]
  implicit libs: [stdc++;m;c]
  implicit dirs: [/usr/lib/gcc-cross/arm-linux-gnueabihf/4.9;/usr/arm-linux-gnueabihf/lib;/lib/arm-linux-gnueabihf;/lib;/usr/lib/arm-linux-gnueabihf;/usr/lib]
  implicit fwks: []


